<?xml version="1.0" encoding="UTF-8"?>
<testng-results ignored="0" total="1" passed="0" failed="1" skipped="0">
  <reporter-output>
    <line>
      <![CDATA[Element is present in the webpage]]>
    </line>
    <line>
      <![CDATA[Top Panel is displayed]]>
    </line>
    <line>
      <![CDATA[Clicked on the webelement successfully]]>
    </line>
    <line>
      <![CDATA[Element is visible in the webpage]]>
    </line>
    <line>
      <![CDATA[Clicked on the webelement successfully]]>
    </line>
    <line>
      <![CDATA[Element is visible in the webpage]]>
    </line>
    <line>
      <![CDATA[Successfully filled the text in the text box]]>
    </line>
    <line>
      <![CDATA[Successfully filled the text in the text box]]>
    </line>
    <line>
      <![CDATA[Clicked on the webelement successfully]]>
    </line>
    <line>
      <![CDATA[Element is present in the webpage]]>
    </line>
    <line>
      <![CDATA[Element is visible in the webpage]]>
    </line>
    <line>
      <![CDATA[Flight Booking page is displayed]]>
    </line>
    <line>
      <![CDATA[Unable to click on the trip type radio button]]>
    </line>
    <line>
      <![CDATA[Successfully filled the text in the text box]]>
    </line>
    <line>
      <![CDATA[Clicked on the webelement successfully]]>
    </line>
    <line>
      <![CDATA[Successfully filled the text in the text box]]>
    </line>
    <line>
      <![CDATA[Clicked on the webelement successfully]]>
    </line>
    <line>
      <![CDATA[Clicked on the webelement successfully]]>
    </line>
    <line>
      <![CDATA[Element is visible in the webpage]]>
    </line>
    <line>
      <![CDATA[Unable to select the day]]>
    </line>
    <line>
      <![CDATA[Clicked on the webelement successfully]]>
    </line>
    <line>
      <![CDATA[Successfully selected the Index in the dropdown]]>
    </line>
    <line>
      <![CDATA[Clicked on the webelement successfully]]>
    </line>
  </reporter-output>
  <suite started-at="2021-08-06T15:04:01 IST" name="Regression" finished-at="2021-08-06T15:04:33 IST" duration-ms="31900">
    <groups>
    </groups>
    <test started-at="2021-08-06T15:04:01 IST" name="Regression1" finished-at="2021-08-06T15:04:33 IST" duration-ms="31900">
      <class name="com.cleartrip.tests.Regression_001_BookRoundTrip">
        <test-method is-config="true" signature="setUp()[pri:0, instance:com.cleartrip.tests.Regression_001_BookRoundTrip@6bc248ed]" started-at="2021-08-06T15:04:01 IST" name="setUp" finished-at="2021-08-06T15:04:05 IST" duration-ms="4240" status="PASS">
          <reporter-output>
          </reporter-output>
        </test-method> <!-- setUp -->
        <test-method signature="NRE_001_BookRoundTrip_test()[pri:0, instance:com.cleartrip.tests.Regression_001_BookRoundTrip@6bc248ed]" started-at="2021-08-06T15:04:05 IST" name="NRE_001_BookRoundTrip_test" finished-at="2021-08-06T15:04:32 IST" duration-ms="26232" status="FAIL">
          <exception class="org.openqa.selenium.TimeoutException">
            <message>
              <![CDATA[Expected condition failed: waiting for presence of element located by: By.xpath: .//button[text()='book'] (tried for 15 second(s) with 10 milliseconds interval)]]>
            </message>
            <full-stacktrace>
              <![CDATA[org.openqa.selenium.TimeoutException: Expected condition failed: waiting for presence of element located by: By.xpath: .//button[text()='book'] (tried for 15 second(s) with 10 milliseconds interval)
at org.openqa.selenium.support.ui.WebDriverWait.timeoutException(WebDriverWait.java:95)
at org.openqa.selenium.support.ui.FluentWait.until(FluentWait.java:272)
at com.cleartrip.utils.WaitUtils.waitForElementPresent(WaitUtils.java:30)
at com.cleartrip.pages.FlightBooking.clickSearchFlights(FlightBooking.java:142)
at com.cleartrip.tests.Regression_001_BookRoundTrip.NRE_001_BookRoundTrip_test(Regression_001_BookRoundTrip.java:32)
at java.base/jdk.internal.reflect.NativeMethodAccessorImpl.invoke0(Native Method)
at java.base/jdk.internal.reflect.NativeMethodAccessorImpl.invoke(NativeMethodAccessorImpl.java:62)
at java.base/jdk.internal.reflect.DelegatingMethodAccessorImpl.invoke(DelegatingMethodAccessorImpl.java:43)
at java.base/java.lang.reflect.Method.invoke(Method.java:566)
at org.testng.internal.MethodInvocationHelper.invokeMethod(MethodInvocationHelper.java:133)
at org.testng.internal.TestInvoker.invokeMethod(TestInvoker.java:598)
at org.testng.internal.TestInvoker.invokeTestMethod(TestInvoker.java:173)
at org.testng.internal.MethodRunner.runInSequence(MethodRunner.java:46)
at org.testng.internal.TestInvoker$MethodInvocationAgent.invoke(TestInvoker.java:824)
at org.testng.internal.TestInvoker.invokeTestMethods(TestInvoker.java:146)
at org.testng.internal.TestMethodWorker.invokeTestMethods(TestMethodWorker.java:146)
at org.testng.internal.TestMethodWorker.run(TestMethodWorker.java:128)
at java.base/java.util.ArrayList.forEach(ArrayList.java:1540)
at org.testng.TestRunner.privateRun(TestRunner.java:794)
at org.testng.TestRunner.run(TestRunner.java:596)
at org.testng.SuiteRunner.runTest(SuiteRunner.java:377)
at org.testng.SuiteRunner.runSequentially(SuiteRunner.java:371)
at org.testng.SuiteRunner.privateRun(SuiteRunner.java:332)
at org.testng.SuiteRunner.run(SuiteRunner.java:276)
at org.testng.SuiteRunnerWorker.runSuite(SuiteRunnerWorker.java:53)
at org.testng.SuiteRunnerWorker.run(SuiteRunnerWorker.java:96)
at org.testng.TestNG.runSuitesSequentially(TestNG.java:1212)
at org.testng.TestNG.runSuitesLocally(TestNG.java:1134)
at org.testng.TestNG.runSuites(TestNG.java:1063)
at org.testng.TestNG.run(TestNG.java:1031)
at org.testng.remote.AbstractRemoteTestNG.run(AbstractRemoteTestNG.java:115)
at org.testng.remote.RemoteTestNG.initAndRun(RemoteTestNG.java:251)
at org.testng.remote.RemoteTestNG.main(RemoteTestNG.java:77)
Caused by: org.openqa.selenium.NoSuchElementException: no such element: Unable to locate element: {"method":"xpath","selector":".//button[text()='book']"}
  (Session info: chrome=92.0.4515.107)
For documentation on this error, please visit: https://www.seleniumhq.org/exceptions/no_such_element.html
Build info: version: '3.141.59', revision: 'e82be7d358', time: '2018-11-14T08:17:03'
System info: host: 'SCEEKALPF28RTJ2', ip: '192.168.29.108', os.name: 'Windows 10', os.arch: 'amd64', os.version: '10.0', java.version: '11.0.1'
Driver info: org.openqa.selenium.chrome.ChromeDriver
Capabilities {acceptInsecureCerts: false, browserName: chrome, browserVersion: 92.0.4515.107, chrome: {chromedriverVersion: 92.0.4515.107 (87a818b10553..., userDataDir: C:\Users\sceekala\AppData\L...}, goog:chromeOptions: {debuggerAddress: localhost:54668}, javascriptEnabled: true, networkConnectionEnabled: false, pageLoadStrategy: normal, platform: WINDOWS, platformName: WINDOWS, proxy: Proxy(), setWindowRect: true, strictFileInteractability: false, timeouts: {implicit: 0, pageLoad: 300000, script: 30000}, unhandledPromptBehavior: dismiss and notify, webauthn:extension:credBlob: true, webauthn:extension:largeBlob: true, webauthn:virtualAuthenticators: true}
Session ID: abcc41cdd8d0110ff10fd5d835b59ddb
*** Element info: {Using=xpath, value=.//button[text()='book']}
at jdk.internal.reflect.GeneratedConstructorAccessor11.newInstance(Unknown Source)
at java.base/jdk.internal.reflect.DelegatingConstructorAccessorImpl.newInstance(DelegatingConstructorAccessorImpl.java:45)
at java.base/java.lang.reflect.Constructor.newInstance(Constructor.java:490)
at org.openqa.selenium.remote.http.W3CHttpResponseCodec.createException(W3CHttpResponseCodec.java:187)
at org.openqa.selenium.remote.http.W3CHttpResponseCodec.decode(W3CHttpResponseCodec.java:122)
at org.openqa.selenium.remote.http.W3CHttpResponseCodec.decode(W3CHttpResponseCodec.java:49)
at org.openqa.selenium.remote.HttpCommandExecutor.execute(HttpCommandExecutor.java:158)
at org.openqa.selenium.remote.service.DriverCommandExecutor.execute(DriverCommandExecutor.java:83)
at org.openqa.selenium.remote.RemoteWebDriver.execute(RemoteWebDriver.java:552)
at org.openqa.selenium.remote.RemoteWebDriver.findElement(RemoteWebDriver.java:323)
at org.openqa.selenium.remote.RemoteWebDriver.findElementByXPath(RemoteWebDriver.java:428)
at org.openqa.selenium.By$ByXPath.findElement(By.java:353)
at org.openqa.selenium.remote.RemoteWebDriver.findElement(RemoteWebDriver.java:315)
at org.openqa.selenium.support.ui.ExpectedConditions$6.apply(ExpectedConditions.java:182)
at org.openqa.selenium.support.ui.ExpectedConditions$6.apply(ExpectedConditions.java:179)
at org.openqa.selenium.support.ui.FluentWait.until(FluentWait.java:249)
... 31 more
]]>
            </full-stacktrace>
          </exception> <!-- org.openqa.selenium.TimeoutException -->
          <reporter-output>
            <line>
              <![CDATA[Element is present in the webpage]]>
            </line>
            <line>
              <![CDATA[Top Panel is displayed]]>
            </line>
            <line>
              <![CDATA[Clicked on the webelement successfully]]>
            </line>
            <line>
              <![CDATA[Element is visible in the webpage]]>
            </line>
            <line>
              <![CDATA[Clicked on the webelement successfully]]>
            </line>
            <line>
              <![CDATA[Element is visible in the webpage]]>
            </line>
            <line>
              <![CDATA[Successfully filled the text in the text box]]>
            </line>
            <line>
              <![CDATA[Successfully filled the text in the text box]]>
            </line>
            <line>
              <![CDATA[Clicked on the webelement successfully]]>
            </line>
            <line>
              <![CDATA[Element is present in the webpage]]>
            </line>
            <line>
              <![CDATA[Element is visible in the webpage]]>
            </line>
            <line>
              <![CDATA[Flight Booking page is displayed]]>
            </line>
            <line>
              <![CDATA[Unable to click on the trip type radio button]]>
            </line>
            <line>
              <![CDATA[Successfully filled the text in the text box]]>
            </line>
            <line>
              <![CDATA[Clicked on the webelement successfully]]>
            </line>
            <line>
              <![CDATA[Successfully filled the text in the text box]]>
            </line>
            <line>
              <![CDATA[Clicked on the webelement successfully]]>
            </line>
            <line>
              <![CDATA[Clicked on the webelement successfully]]>
            </line>
            <line>
              <![CDATA[Element is visible in the webpage]]>
            </line>
            <line>
              <![CDATA[Unable to select the day]]>
            </line>
            <line>
              <![CDATA[Clicked on the webelement successfully]]>
            </line>
            <line>
              <![CDATA[Successfully selected the Index in the dropdown]]>
            </line>
            <line>
              <![CDATA[Clicked on the webelement successfully]]>
            </line>
          </reporter-output>
        </test-method> <!-- NRE_001_BookRoundTrip_test -->
        <test-method is-config="true" signature="tearDown()[pri:0, instance:com.cleartrip.tests.Regression_001_BookRoundTrip@6bc248ed]" started-at="2021-08-06T15:04:32 IST" name="tearDown" finished-at="2021-08-06T15:04:33 IST" duration-ms="1358" status="FAIL">
          <exception class="java.lang.AssertionError">
            <message>
              <![CDATA[Test Failed : One or more steps failed]]>
            </message>
            <full-stacktrace>
              <![CDATA[java.lang.AssertionError: Test Failed : One or more steps failed
at org.testng.Assert.fail(Assert.java:99)
at com.cleartrip.common.SeleniumSEPTest.tearDown(SeleniumSEPTest.java:100)
at java.base/jdk.internal.reflect.NativeMethodAccessorImpl.invoke0(Native Method)
at java.base/jdk.internal.reflect.NativeMethodAccessorImpl.invoke(NativeMethodAccessorImpl.java:62)
at java.base/jdk.internal.reflect.DelegatingMethodAccessorImpl.invoke(DelegatingMethodAccessorImpl.java:43)
at java.base/java.lang.reflect.Method.invoke(Method.java:566)
at org.testng.internal.MethodInvocationHelper.invokeMethod(MethodInvocationHelper.java:133)
at org.testng.internal.MethodInvocationHelper.invokeMethodConsideringTimeout(MethodInvocationHelper.java:62)
at org.testng.internal.ConfigInvoker.invokeConfigurationMethod(ConfigInvoker.java:385)
at org.testng.internal.ConfigInvoker.invokeConfigurations(ConfigInvoker.java:321)
at org.testng.TestRunner.invokeTestConfigurations(TestRunner.java:637)
at org.testng.TestRunner.afterRun(TestRunner.java:877)
at org.testng.TestRunner.run(TestRunner.java:599)
at org.testng.SuiteRunner.runTest(SuiteRunner.java:377)
at org.testng.SuiteRunner.runSequentially(SuiteRunner.java:371)
at org.testng.SuiteRunner.privateRun(SuiteRunner.java:332)
at org.testng.SuiteRunner.run(SuiteRunner.java:276)
at org.testng.SuiteRunnerWorker.runSuite(SuiteRunnerWorker.java:53)
at org.testng.SuiteRunnerWorker.run(SuiteRunnerWorker.java:96)
at org.testng.TestNG.runSuitesSequentially(TestNG.java:1212)
at org.testng.TestNG.runSuitesLocally(TestNG.java:1134)
at org.testng.TestNG.runSuites(TestNG.java:1063)
at org.testng.TestNG.run(TestNG.java:1031)
at org.testng.remote.AbstractRemoteTestNG.run(AbstractRemoteTestNG.java:115)
at org.testng.remote.RemoteTestNG.initAndRun(RemoteTestNG.java:251)
at org.testng.remote.RemoteTestNG.main(RemoteTestNG.java:77)
]]>
            </full-stacktrace>
          </exception> <!-- java.lang.AssertionError -->
          <reporter-output>
          </reporter-output>
        </test-method> <!-- tearDown -->
      </class> <!-- com.cleartrip.tests.Regression_001_BookRoundTrip -->
    </test> <!-- Regression1 -->
  </suite> <!-- Regression -->
</testng-results>
