<?xml version="1.0" encoding="UTF-8"?>
<!-- Generated by org.testng.reporters.JUnitXMLReporter -->
<testsuite ignored="0" hostname="SCEEKALPF28RTJ2" failures="1" tests="1" name="Test" time="55.476" errors="0" timestamp="2021-09-07T21:49:20 IST">
  <testcase classname="com.cleartrip.common.SeleniumSEPTest" name="@AfterTest tearDown" time="1.023">
    <failure type="java.lang.AssertionError" message="Test Failed : One or more steps failed">
      <![CDATA[java.lang.AssertionError: Test Failed : One or more steps failed
at com.cleartrip.common.SeleniumSEPTest.tearDown(SeleniumSEPTest.java:99)
... Removed 25 stack frames]]>
    </failure>
  </testcase> <!-- @AfterTest tearDown -->
  <testcase classname="com.cleartrip.tests.Regression_001_BookRoundTrip" name="NRE_001_BookRoundTrip_test" time="52.175">
    <failure type="java.lang.AssertionError" message="Review Itinerary page is not displayed">
      <![CDATA[java.lang.AssertionError: Review Itinerary page is not displayed
at com.cleartrip.reporters.ReportManager.fail(ReportManager.java:90)
at com.cleartrip.pages.ReviewItinerary.<init>(ReviewItinerary.java:50)
at com.cleartrip.tests.Regression_001_BookRoundTrip.NRE_001_BookRoundTrip_test(Regression_001_BookRoundTrip.java:44)
at java.base/java.util.ArrayList.forEach(ArrayList.java:1540)
... Removed 28 stack frames]]>
    </failure>
  </testcase> <!-- NRE_001_BookRoundTrip_test -->
</testsuite> <!-- Test -->
