<?xml version="1.0" encoding="UTF-8"?>
<testng-results ignored="0" total="1" passed="0" failed="1" skipped="0">
  <reporter-output>
    <line>
      <![CDATA[Time out : Element not present]]>
    </line>
    <line>
      <![CDATA[Top Panel is not displayed]]>
    </line>
  </reporter-output>
  <suite started-at="2021-09-14T10:09:04 IST" name="Default suite" finished-at="2021-09-14T10:09:27 IST" duration-ms="22153">
    <groups>
    </groups>
    <test started-at="2021-09-14T10:09:04 IST" name="Default test" finished-at="2021-09-14T10:09:27 IST" duration-ms="22153">
      <class name="com.cleartrip.tests.Regression_001_BookRoundTrip">
        <test-method is-config="true" signature="setUp()[pri:0, instance:com.cleartrip.tests.Regression_001_BookRoundTrip@1d12b024]" started-at="2021-09-14T10:09:04 IST" name="setUp" finished-at="2021-09-14T10:09:15 IST" duration-ms="10961" status="PASS">
          <reporter-output>
          </reporter-output>
        </test-method> <!-- setUp -->
        <test-method signature="NRE_001_BookRoundTrip_test()[pri:0, instance:com.cleartrip.tests.Regression_001_BookRoundTrip@1d12b024]" started-at="2021-09-14T10:09:15 IST" name="NRE_001_BookRoundTrip_test" finished-at="2021-09-14T10:09:25 IST" duration-ms="10146" status="FAIL">
          <exception class="java.lang.AssertionError">
            <message>
              <![CDATA[Top Panel is not displayed]]>
            </message>
            <full-stacktrace>
              <![CDATA[java.lang.AssertionError: Top Panel is not displayed
at org.testng.Assert.fail(Assert.java:99)
at com.cleartrip.reporters.ReportManager.fail(ReportManager.java:90)
at com.cleartrip.pages.TopPanel.<init>(TopPanel.java:36)
at com.cleartrip.tests.Regression_001_BookRoundTrip.NRE_001_BookRoundTrip_test(Regression_001_BookRoundTrip.java:21)
at java.base/jdk.internal.reflect.NativeMethodAccessorImpl.invoke0(Native Method)
at java.base/jdk.internal.reflect.NativeMethodAccessorImpl.invoke(NativeMethodAccessorImpl.java:62)
at java.base/jdk.internal.reflect.DelegatingMethodAccessorImpl.invoke(DelegatingMethodAccessorImpl.java:43)
at java.base/java.lang.reflect.Method.invoke(Method.java:566)
at org.testng.internal.MethodInvocationHelper.invokeMethod(MethodInvocationHelper.java:133)
at org.testng.internal.TestInvoker.invokeMethod(TestInvoker.java:598)
at org.testng.internal.TestInvoker.invokeTestMethod(TestInvoker.java:173)
at org.testng.internal.MethodRunner.runInSequence(MethodRunner.java:46)
at org.testng.internal.TestInvoker$MethodInvocationAgent.invoke(TestInvoker.java:824)
at org.testng.internal.TestInvoker.invokeTestMethods(TestInvoker.java:146)
at org.testng.internal.TestMethodWorker.invokeTestMethods(TestMethodWorker.java:146)
at org.testng.internal.TestMethodWorker.run(TestMethodWorker.java:128)
at java.base/java.util.ArrayList.forEach(ArrayList.java:1540)
at org.testng.TestRunner.privateRun(TestRunner.java:794)
at org.testng.TestRunner.run(TestRunner.java:596)
at org.testng.SuiteRunner.runTest(SuiteRunner.java:377)
at org.testng.SuiteRunner.runSequentially(SuiteRunner.java:371)
at org.testng.SuiteRunner.privateRun(SuiteRunner.java:332)
at org.testng.SuiteRunner.run(SuiteRunner.java:276)
at org.testng.SuiteRunnerWorker.runSuite(SuiteRunnerWorker.java:53)
at org.testng.SuiteRunnerWorker.run(SuiteRunnerWorker.java:96)
at org.testng.TestNG.runSuitesSequentially(TestNG.java:1212)
at org.testng.TestNG.runSuitesLocally(TestNG.java:1134)
at org.testng.TestNG.runSuites(TestNG.java:1063)
at org.testng.TestNG.run(TestNG.java:1031)
at org.testng.remote.AbstractRemoteTestNG.run(AbstractRemoteTestNG.java:115)
at org.testng.remote.RemoteTestNG.initAndRun(RemoteTestNG.java:251)
at org.testng.remote.RemoteTestNG.main(RemoteTestNG.java:77)
]]>
            </full-stacktrace>
          </exception> <!-- java.lang.AssertionError -->
          <reporter-output>
            <line>
              <![CDATA[Time out : Element not present]]>
            </line>
            <line>
              <![CDATA[Top Panel is not displayed]]>
            </line>
          </reporter-output>
        </test-method> <!-- NRE_001_BookRoundTrip_test -->
        <test-method is-config="true" signature="tearDown()[pri:0, instance:com.cleartrip.tests.Regression_001_BookRoundTrip@1d12b024]" started-at="2021-09-14T10:09:26 IST" name="tearDown" finished-at="2021-09-14T10:09:27 IST" duration-ms="1011" status="FAIL">
          <exception class="java.lang.AssertionError">
            <message>
              <![CDATA[Test Failed : One or more steps failed]]>
            </message>
            <full-stacktrace>
              <![CDATA[java.lang.AssertionError: Test Failed : One or more steps failed
at org.testng.Assert.fail(Assert.java:99)
at com.cleartrip.common.SeleniumSEPTest.tearDown(SeleniumSEPTest.java:105)
at java.base/jdk.internal.reflect.NativeMethodAccessorImpl.invoke0(Native Method)
at java.base/jdk.internal.reflect.NativeMethodAccessorImpl.invoke(NativeMethodAccessorImpl.java:62)
at java.base/jdk.internal.reflect.DelegatingMethodAccessorImpl.invoke(DelegatingMethodAccessorImpl.java:43)
at java.base/java.lang.reflect.Method.invoke(Method.java:566)
at org.testng.internal.MethodInvocationHelper.invokeMethod(MethodInvocationHelper.java:133)
at org.testng.internal.MethodInvocationHelper.invokeMethodConsideringTimeout(MethodInvocationHelper.java:62)
at org.testng.internal.ConfigInvoker.invokeConfigurationMethod(ConfigInvoker.java:385)
at org.testng.internal.ConfigInvoker.invokeConfigurations(ConfigInvoker.java:321)
at org.testng.TestRunner.invokeTestConfigurations(TestRunner.java:637)
at org.testng.TestRunner.afterRun(TestRunner.java:877)
at org.testng.TestRunner.run(TestRunner.java:599)
at org.testng.SuiteRunner.runTest(SuiteRunner.java:377)
at org.testng.SuiteRunner.runSequentially(SuiteRunner.java:371)
at org.testng.SuiteRunner.privateRun(SuiteRunner.java:332)
at org.testng.SuiteRunner.run(SuiteRunner.java:276)
at org.testng.SuiteRunnerWorker.runSuite(SuiteRunnerWorker.java:53)
at org.testng.SuiteRunnerWorker.run(SuiteRunnerWorker.java:96)
at org.testng.TestNG.runSuitesSequentially(TestNG.java:1212)
at org.testng.TestNG.runSuitesLocally(TestNG.java:1134)
at org.testng.TestNG.runSuites(TestNG.java:1063)
at org.testng.TestNG.run(TestNG.java:1031)
at org.testng.remote.AbstractRemoteTestNG.run(AbstractRemoteTestNG.java:115)
at org.testng.remote.RemoteTestNG.initAndRun(RemoteTestNG.java:251)
at org.testng.remote.RemoteTestNG.main(RemoteTestNG.java:77)
]]>
            </full-stacktrace>
          </exception> <!-- java.lang.AssertionError -->
          <reporter-output>
          </reporter-output>
        </test-method> <!-- tearDown -->
      </class> <!-- com.cleartrip.tests.Regression_001_BookRoundTrip -->
    </test> <!-- Default test -->
  </suite> <!-- Default suite -->
</testng-results>
